<?xml version="1.0" encoding="UTF-8"?>
<testsuite xmlns:xsi="http://www.w3.org/2001/XMLSchema-instance" xsi:noNamespaceSchemaLocation="https://maven.apache.org/surefire/maven-surefire-plugin/xsd/surefire-test-report.xsd" name="com.example.productservice.controller.ProductControllerTest" time="7.953" tests="3" errors="0" skipped="0" failures="0">
  <properties>
[...]
</properties>
  <testcase name="testCreateProduct" classname="com.example.productservice.controller.ProductControllerTest" time="0.329"/>
  <testcase name="testUpdateProduct" classname="com.example.productservice.controller.ProductControllerTest" time="0.011"/>
  <testcase name="testGetAllProducts" classname="com.example.productservice.controller.ProductControllerTest" time="0.011"/>
</testsuite>